TN:
SF:src\config\dotenv.ts
FNF:0
FNH:0
DA:1,1
DA:3,1
DA:5,1
LF:3
LH:3
BRDA:3,0,0,0
BRDA:3,0,1,1
BRF:2
BRH:1
end_of_record
TN:
SF:src\config\index.ts
FNF:0
FNH:0
DA:1,1
DA:2,1
DA:4,1
DA:24,1
LF:4
LH:4
BRF:0
BRH:0
end_of_record
TN:
SF:src\property\enum.types.ts
FNF:0
FNH:0
DA:1,1
DA:10,1
LF:2
LH:2
BRF:0
BRH:0
end_of_record
TN:
SF:src\property\property.manager.ts
FN:6,(anonymous_1)
FN:10,(anonymous_2)
FN:14,(anonymous_3)
FNF:3
FNH:1
FNDA:0,(anonymous_1)
FNDA:0,(anonymous_2)
FNDA:1,(anonymous_3)
DA:1,1
DA:2,1
DA:5,1
DA:7,0
DA:11,0
DA:15,1
DA:16,0
LF:7
LH:4
BRF:0
BRH:0
end_of_record
TN:
SF:src\property\property.model.ts
FNF:0
FNH:0
DA:1,1
DA:3,1
DA:4,1
DA:6,1
DA:58,1
DA:63,1
LF:6
LH:6
BRF:0
BRH:0
end_of_record
TN:
SF:src\property\property.repository.ts
FN:5,(anonymous_1)
FN:11,(anonymous_2)
FN:18,(anonymous_3)
FN:40,(anonymous_4)
FN:44,(anonymous_5)
FN:48,(anonymous_6)
FNF:6
FNH:0
FNDA:0,(anonymous_1)
FNDA:0,(anonymous_2)
FNDA:0,(anonymous_3)
FNDA:0,(anonymous_4)
FNDA:0,(anonymous_5)
FNDA:0,(anonymous_6)
DA:1,1
DA:4,1
DA:6,0
DA:7,0
DA:8,0
DA:10,0
DA:11,0
DA:12,0
DA:15,0
DA:19,0
DA:21,0
DA:23,0
DA:25,0
DA:27,0
DA:29,0
DA:30,0
DA:32,0
DA:36,0
DA:41,0
DA:45,0
DA:49,0
LF:21
LH:2
BRDA:7,0,0,0
BRDA:7,0,1,0
BRDA:10,1,0,0
BRDA:10,1,1,0
BRDA:20,2,0,0
BRDA:20,2,1,0
BRDA:20,2,2,0
BRDA:20,2,3,0
BRDA:20,2,4,0
BRDA:20,2,5,0
BRDA:29,3,0,0
BRDA:29,3,1,0
BRF:12
BRH:0
end_of_record
TN:
SF:src\utils\errors\application.ts
FN:4,(anonymous_0)
FN:15,(anonymous_1)
FN:21,(anonymous_2)
FNF:3
FNH:2
FNDA:1,(anonymous_0)
FNDA:0,(anonymous_1)
FNDA:1,(anonymous_2)
DA:1,1
DA:5,1
DA:7,1
DA:8,1
DA:9,1
DA:10,1
DA:14,1
DA:16,0
DA:20,1
DA:22,1
LF:10
LH:9
BRDA:9,0,0,1
BRDA:9,0,1,0
BRDA:10,1,0,1
BRDA:10,1,1,0
BRDA:16,2,0,0
BRDA:16,2,1,0
BRDA:16,3,0,0
BRDA:16,3,1,0
BRDA:22,4,0,1
BRDA:22,4,1,0
BRDA:22,5,0,1
BRDA:22,5,1,0
BRF:12
BRH:4
end_of_record
TN:
SF:src\utils\errors\user.ts
FN:4,(anonymous_0)
FN:10,(anonymous_1)
FN:16,(anonymous_2)
FNF:3
FNH:1
FNDA:0,(anonymous_0)
FNDA:1,(anonymous_1)
FNDA:0,(anonymous_2)
DA:1,1
DA:3,1
DA:5,0
DA:9,1
DA:11,1
DA:15,1
DA:17,0
LF:7
LH:5
BRF:0
BRH:0
end_of_record
