{"C:\\Users\\Carmel\\Desktop\\schemaAPI\\SchemaAPI\\src\\config\\dotenv.ts": {"path":"C:\\Users\\Carmel\\Desktop\\schemaAPI\\SchemaAPI\\src\\config\\dotenv.ts","statementMap":{"0":{"start":{"line":1,"column":0},"end":{"line":1,"column":33}},"1":{"start":{"line":3,"column":19},"end":{"line":3,"column":68}},"2":{"start":{"line":5,"column":0},"end":{"line":5,"column":36}}},"fnMap":{},"branchMap":{"0":{"loc":{"start":{"line":3,"column":49},"end":{"line":3,"column":59}},"type":"cond-expr","locations":[{"start":{"line":3,"column":49},"end":{"line":3,"column":59}},{"start":{"line":3,"column":62},"end":{"line":3,"column":68}}]}},"s":{"0":1,"1":1,"2":1},"f":{},"b":{"0":[0,1]}}
,"C:\\Users\\Carmel\\Desktop\\schemaAPI\\SchemaAPI\\src\\config\\index.ts": {"path":"C:\\Users\\Carmel\\Desktop\\schemaAPI\\SchemaAPI\\src\\config\\index.ts","statementMap":{"0":{"start":{"line":1,"column":0},"end":{"line":1,"column":31}},"1":{"start":{"line":2,"column":0},"end":{"line":2,"column":18}},"2":{"start":{"line":4,"column":15},"end":{"line":22,"column":2}},"3":{"start":{"line":24,"column":0},"end":{"line":24,"column":22}}},"fnMap":{},"branchMap":{},"s":{"0":1,"1":1,"2":1,"3":1},"f":{},"b":{}}
,"C:\\Users\\Carmel\\Desktop\\schemaAPI\\SchemaAPI\\src\\property\\enum.types.ts": {"path":"C:\\Users\\Carmel\\Desktop\\schemaAPI\\SchemaAPI\\src\\property\\enum.types.ts","statementMap":{"0":{"start":{"line":1,"column":14},"end":{"line":8,"column":null}},"1":{"start":{"line":10,"column":0},"end":{"line":10,"column":21}}},"fnMap":{},"branchMap":{},"s":{"0":1,"1":1},"f":{},"b":{}}
,"C:\\Users\\Carmel\\Desktop\\schemaAPI\\SchemaAPI\\src\\property\\property.manager.ts": {"path":"C:\\Users\\Carmel\\Desktop\\schemaAPI\\SchemaAPI\\src\\property\\property.manager.ts","statementMap":{"0":{"start":{"line":1,"column":0},"end":{"line":1,"column":63}},"1":{"start":{"line":2,"column":0},"end":{"line":2,"column":55}},"2":{"start":{"line":7,"column":8},"end":{"line":7,"column":51}},"3":{"start":{"line":11,"column":8},"end":{"line":11,"column":52}},"4":{"start":{"line":15,"column":8},"end":{"line":15,"column":42}},"5":{"start":{"line":16,"column":8},"end":{"line":16,"column":55}},"6":{"start":{"line":5,"column":0},"end":{"line":5,"column":21}}},"fnMap":{"0":{"name":"(anonymous_1)","decl":{"start":{"line":6,"column":4},"end":{"line":6,"column":10}},"loc":{"start":{"line":6,"column":37},"end":{"line":8,"column":5}}},"1":{"name":"(anonymous_2)","decl":{"start":{"line":10,"column":4},"end":{"line":10,"column":10}},"loc":{"start":{"line":10,"column":35},"end":{"line":12,"column":5}}},"2":{"name":"(anonymous_3)","decl":{"start":{"line":14,"column":4},"end":{"line":14,"column":10}},"loc":{"start":{"line":14,"column":39},"end":{"line":17,"column":5}}}},"branchMap":{},"s":{"0":1,"1":1,"2":0,"3":0,"4":1,"5":0,"6":1},"f":{"0":0,"1":0,"2":1},"b":{}}
,"C:\\Users\\Carmel\\Desktop\\schemaAPI\\SchemaAPI\\src\\property\\property.model.ts": {"path":"C:\\Users\\Carmel\\Desktop\\schemaAPI\\SchemaAPI\\src\\property\\property.model.ts","statementMap":{"0":{"start":{"line":1,"column":0},"end":{"line":1,"column":37}},"1":{"start":{"line":3,"column":0},"end":{"line":3,"column":37}},"2":{"start":{"line":4,"column":0},"end":{"line":4,"column":33}},"3":{"start":{"line":6,"column":23},"end":{"line":56,"column":2}},"4":{"start":{"line":58,"column":22},"end":{"line":60,"column":null}},"5":{"start":{"line":63,"column":0},"end":{"line":63,"column":29}}},"fnMap":{},"branchMap":{},"s":{"0":1,"1":1,"2":1,"3":1,"4":1,"5":1},"f":{},"b":{}}
,"C:\\Users\\Carmel\\Desktop\\schemaAPI\\SchemaAPI\\src\\property\\property.repository.ts": {"path":"C:\\Users\\Carmel\\Desktop\\schemaAPI\\SchemaAPI\\src\\property\\property.repository.ts","statementMap":{"0":{"start":{"line":1,"column":0},"end":{"line":1,"column":45}},"1":{"start":{"line":6,"column":32},"end":{"line":6,"column":81}},"2":{"start":{"line":7,"column":8},"end":{"line":9,"column":null}},"3":{"start":{"line":8,"column":12},"end":{"line":8,"column":121}},"4":{"start":{"line":10,"column":8},"end":{"line":14,"column":null}},"5":{"start":{"line":11,"column":12},"end":{"line":13,"column":null}},"6":{"start":{"line":12,"column":16},"end":{"line":12,"column":78}},"7":{"start":{"line":15,"column":8},"end":{"line":15,"column":85}},"8":{"start":{"line":19,"column":8},"end":{"line":37,"column":null}},"9":{"start":{"line":21,"column":16},"end":{"line":21,"column":41}},"10":{"start":{"line":23,"column":16},"end":{"line":23,"column":41}},"11":{"start":{"line":25,"column":16},"end":{"line":25,"column":42}},"12":{"start":{"line":27,"column":16},"end":{"line":27,"column":39}},"13":{"start":{"line":29,"column":16},"end":{"line":33,"column":null}},"14":{"start":{"line":30,"column":20},"end":{"line":30,"column":44}},"15":{"start":{"line":32,"column":20},"end":{"line":32,"column":33}},"16":{"start":{"line":36,"column":16},"end":{"line":36,"column":41}},"17":{"start":{"line":41,"column":8},"end":{"line":41,"column":50}},"18":{"start":{"line":45,"column":8},"end":{"line":45,"column":59}},"19":{"start":{"line":49,"column":8},"end":{"line":49,"column":100}},"20":{"start":{"line":4,"column":0},"end":{"line":4,"column":21}}},"fnMap":{"0":{"name":"(anonymous_1)","decl":{"start":{"line":5,"column":4},"end":{"line":5,"column":10}},"loc":{"start":{"line":5,"column":43},"end":{"line":16,"column":5}}},"1":{"name":"(anonymous_2)","decl":{"start":{"line":11,"column":60},"end":{"line":11,"column":65}},"loc":{"start":{"line":11,"column":68},"end":{"line":13,"column":13}}},"2":{"name":"(anonymous_3)","decl":{"start":{"line":18,"column":4},"end":{"line":18,"column":10}},"loc":{"start":{"line":18,"column":51},"end":{"line":38,"column":5}}},"3":{"name":"(anonymous_4)","decl":{"start":{"line":40,"column":4},"end":{"line":40,"column":10}},"loc":{"start":{"line":40,"column":30},"end":{"line":42,"column":5}}},"4":{"name":"(anonymous_5)","decl":{"start":{"line":44,"column":4},"end":{"line":44,"column":10}},"loc":{"start":{"line":44,"column":33},"end":{"line":46,"column":5}}},"5":{"name":"(anonymous_6)","decl":{"start":{"line":48,"column":4},"end":{"line":48,"column":10}},"loc":{"start":{"line":48,"column":63},"end":{"line":50,"column":5}}}},"branchMap":{"0":{"loc":{"start":{"line":7,"column":8},"end":{"line":9,"column":null}},"type":"if","locations":[{"start":{"line":7,"column":8},"end":{"line":9,"column":null}},{"start":{"line":7,"column":8},"end":{"line":9,"column":null}}]},"1":{"loc":{"start":{"line":10,"column":8},"end":{"line":14,"column":null}},"type":"if","locations":[{"start":{"line":10,"column":8},"end":{"line":14,"column":null}},{"start":{"line":10,"column":8},"end":{"line":14,"column":null}}]},"2":{"loc":{"start":{"line":20,"column":12},"end":{"line":21,"column":41}},"type":"switch","locations":[{"start":{"line":20,"column":12},"end":{"line":21,"column":41}},{"start":{"line":22,"column":12},"end":{"line":23,"column":41}},{"start":{"line":24,"column":12},"end":{"line":25,"column":42}},{"start":{"line":26,"column":12},"end":{"line":27,"column":39}},{"start":{"line":28,"column":12},"end":{"line":33,"column":null}},{"start":{"line":34,"column":12},"end":{"line":36,"column":41}}]},"3":{"loc":{"start":{"line":29,"column":16},"end":{"line":33,"column":null}},"type":"if","locations":[{"start":{"line":29,"column":16},"end":{"line":33,"column":null}},{"start":{"line":29,"column":16},"end":{"line":33,"column":null}}]}},"s":{"0":1,"1":0,"2":0,"3":0,"4":0,"5":0,"6":0,"7":0,"8":0,"9":0,"10":0,"11":0,"12":0,"13":0,"14":0,"15":0,"16":0,"17":0,"18":0,"19":0,"20":1},"f":{"0":0,"1":0,"2":0,"3":0,"4":0,"5":0},"b":{"0":[0,0],"1":[0,0],"2":[0,0,0,0,0,0],"3":[0,0]}}
,"C:\\Users\\Carmel\\Desktop\\schemaAPI\\SchemaAPI\\src\\utils\\errors\\application.ts": {"path":"C:\\Users\\Carmel\\Desktop\\schemaAPI\\SchemaAPI\\src\\utils\\errors\\application.ts","statementMap":{"0":{"start":{"line":5,"column":8},"end":{"line":5,"column":16}},"1":{"start":{"line":7,"column":8},"end":{"line":7,"column":56}},"2":{"start":{"line":8,"column":8},"end":{"line":8,"column":42}},"3":{"start":{"line":9,"column":8},"end":{"line":9,"column":71}},"4":{"start":{"line":10,"column":8},"end":{"line":10,"column":36}},"5":{"start":{"line":1,"column":0},"end":{"line":1,"column":13}},"6":{"start":{"line":16,"column":8},"end":{"line":16,"column":65}},"7":{"start":{"line":14,"column":0},"end":{"line":14,"column":13}},"8":{"start":{"line":22,"column":8},"end":{"line":22,"column":54}},"9":{"start":{"line":20,"column":0},"end":{"line":20,"column":13}}},"fnMap":{"0":{"name":"(anonymous_0)","decl":{"start":{"line":4,"column":4},"end":{"line":4,"column":16}},"loc":{"start":{"line":4,"column":47},"end":{"line":11,"column":5}}},"1":{"name":"(anonymous_1)","decl":{"start":{"line":15,"column":4},"end":{"line":15,"column":16}},"loc":{"start":{"line":15,"column":49},"end":{"line":17,"column":5}}},"2":{"name":"(anonymous_2)","decl":{"start":{"line":21,"column":4},"end":{"line":21,"column":16}},"loc":{"start":{"line":21,"column":49},"end":{"line":23,"column":5}}}},"branchMap":{"0":{"loc":{"start":{"line":9,"column":23},"end":{"line":9,"column":30}},"type":"binary-expr","locations":[{"start":{"line":9,"column":23},"end":{"line":9,"column":30}},{"start":{"line":9,"column":34},"end":{"line":9,"column":70}}]},"1":{"loc":{"start":{"line":10,"column":22},"end":{"line":10,"column":28}},"type":"binary-expr","locations":[{"start":{"line":10,"column":22},"end":{"line":10,"column":28}},{"start":{"line":10,"column":32},"end":{"line":10,"column":35}}]},"2":{"loc":{"start":{"line":16,"column":14},"end":{"line":16,"column":21}},"type":"binary-expr","locations":[{"start":{"line":16,"column":14},"end":{"line":16,"column":21}},{"start":{"line":16,"column":25},"end":{"line":16,"column":48}}]},"3":{"loc":{"start":{"line":16,"column":50},"end":{"line":16,"column":56}},"type":"binary-expr","locations":[{"start":{"line":16,"column":50},"end":{"line":16,"column":56}},{"start":{"line":16,"column":60},"end":{"line":16,"column":63}}]},"4":{"loc":{"start":{"line":22,"column":14},"end":{"line":22,"column":21}},"type":"binary-expr","locations":[{"start":{"line":22,"column":14},"end":{"line":22,"column":21}},{"start":{"line":22,"column":25},"end":{"line":22,"column":37}}]},"5":{"loc":{"start":{"line":22,"column":39},"end":{"line":22,"column":45}},"type":"binary-expr","locations":[{"start":{"line":22,"column":39},"end":{"line":22,"column":45}},{"start":{"line":22,"column":49},"end":{"line":22,"column":52}}]}},"s":{"0":1,"1":1,"2":1,"3":1,"4":1,"5":1,"6":0,"7":1,"8":1,"9":1},"f":{"0":1,"1":0,"2":1},"b":{"0":[1,0],"1":[1,0],"2":[0,0],"3":[0,0],"4":[1,0],"5":[1,0]}}
,"C:\\Users\\Carmel\\Desktop\\schemaAPI\\SchemaAPI\\src\\utils\\errors\\user.ts": {"path":"C:\\Users\\Carmel\\Desktop\\schemaAPI\\SchemaAPI\\src\\utils\\errors\\user.ts","statementMap":{"0":{"start":{"line":1,"column":0},"end":{"line":1,"column":42}},"1":{"start":{"line":5,"column":8},"end":{"line":5,"column":39}},"2":{"start":{"line":3,"column":0},"end":{"line":3,"column":13}},"3":{"start":{"line":11,"column":8},"end":{"line":11,"column":41}},"4":{"start":{"line":9,"column":0},"end":{"line":9,"column":13}},"5":{"start":{"line":17,"column":8},"end":{"line":17,"column":35}},"6":{"start":{"line":15,"column":0},"end":{"line":15,"column":13}}},"fnMap":{"0":{"name":"(anonymous_0)","decl":{"start":{"line":4,"column":4},"end":{"line":4,"column":null}},"loc":{"start":{"line":4,"column":4},"end":{"line":6,"column":5}}},"1":{"name":"(anonymous_1)","decl":{"start":{"line":10,"column":4},"end":{"line":10,"column":null}},"loc":{"start":{"line":10,"column":4},"end":{"line":12,"column":5}}},"2":{"name":"(anonymous_2)","decl":{"start":{"line":16,"column":4},"end":{"line":16,"column":null}},"loc":{"start":{"line":16,"column":4},"end":{"line":18,"column":5}}}},"branchMap":{},"s":{"0":1,"1":0,"2":1,"3":1,"4":1,"5":0,"6":1},"f":{"0":0,"1":1,"2":0},"b":{}}
}
